Flow report for cos_Q1
Tue Jan 09 18:24:23 2024
Quartus Prime Version 20.1.0 Build 711 06/05/2020 SJ Lite Edition


---------------------
; Table of Contents ;
---------------------
  1. Legal Notice
  2. Flow Summary
  3. Flow Settings
  4. Flow Non-Default Global Settings
  5. Flow Elapsed Time
  6. Flow OS Summary
  7. Flow Log
  8. Flow Messages
  9. Flow Suppressed Messages



----------------
; Legal Notice ;
----------------
Copyright (C) 2020  Intel Corporation. All rights reserved.
Your use of Intel Corporation's design tools, logic functions 
and other software and tools, and any partner logic 
functions, and any output files from any of the foregoing 
(including device programming or simulation files), and any 
associated documentation or information are expressly subject 
to the terms and conditions of the Intel Program License 
Subscription Agreement, the Intel Quartus Prime License Agreement,
the Intel FPGA IP License Agreement, or other applicable license
agreement, including, without limitation, that your use is for
the sole purpose of programming logic devices manufactured by
Intel and sold by Intel or its authorized distributors.  Please
refer to the applicable agreement for further details, at
https://fpgasoftware.intel.com/eula.



+----------------------------------------------------------------------------------+
; Flow Summary                                                                     ;
+------------------------------------+---------------------------------------------+
; Flow Status                        ; Successful - Tue Jan 09 18:24:23 2024       ;
; Quartus Prime Version              ; 20.1.0 Build 711 06/05/2020 SJ Lite Edition ;
; Revision Name                      ; cos_Q1                                      ;
; Top-level Entity Name              ; cos_Q1                                      ;
; Family                             ; Cyclone IV GX                               ;
; Device                             ; EP4CGX15BF14A7                              ;
; Timing Models                      ; Final                                       ;
; Total logic elements               ; 583 / 14,400 ( 4 % )                        ;
;     Total combinational functions  ; 577 / 14,400 ( 4 % )                        ;
;     Dedicated logic registers      ; 51 / 14,400 ( < 1 % )                       ;
; Total registers                    ; 51                                          ;
; Total pins                         ; 51 / 81 ( 63 % )                            ;
; Total virtual pins                 ; 0                                           ;
; Total memory bits                  ; 128 / 552,960 ( < 1 % )                     ;
; Embedded Multiplier 9-bit elements ; 0                                           ;
; Total GXB Receiver Channel PCS     ; 0 / 2 ( 0 % )                               ;
; Total GXB Receiver Channel PMA     ; 0 / 2 ( 0 % )                               ;
; Total GXB Transmitter Channel PCS  ; 0 / 2 ( 0 % )                               ;
; Total GXB Transmitter Channel PMA  ; 0 / 2 ( 0 % )                               ;
; Total PLLs                         ; 0 / 3 ( 0 % )                               ;
+------------------------------------+---------------------------------------------+


+-----------------------------------------+
; Flow Settings                           ;
+-------------------+---------------------+
; Option            ; Setting             ;
+-------------------+---------------------+
; Start date & time ; 01/09/2024 18:23:55 ;
; Main task         ; Compilation         ;
; Revision Name     ; cos_Q1              ;
+-------------------+---------------------+


+------------------------------------------------------------------------------------------------------------------------------------------------+
; Flow Non-Default Global Settings                                                                                                               ;
+-------------------------------------+----------------------------------------+---------------+-------------+-----------------------------------+
; Assignment Name                     ; Value                                  ; Default Value ; Entity Name ; Section Id                        ;
+-------------------------------------+----------------------------------------+---------------+-------------+-----------------------------------+
; COMPILER_SIGNATURE_ID               ; 96830612197843.170481203559828         ; --            ; --          ; --                                ;
; EDA_GENERATE_FUNCTIONAL_NETLIST     ; Off                                    ; --            ; --          ; eda_board_design_timing           ;
; EDA_GENERATE_FUNCTIONAL_NETLIST     ; Off                                    ; --            ; --          ; eda_simulation                    ;
; EDA_GENERATE_FUNCTIONAL_NETLIST     ; Off                                    ; --            ; --          ; eda_board_design_boundary_scan    ;
; EDA_GENERATE_FUNCTIONAL_NETLIST     ; Off                                    ; --            ; --          ; eda_board_design_signal_integrity ;
; EDA_GENERATE_FUNCTIONAL_NETLIST     ; Off                                    ; --            ; --          ; eda_board_design_symbol           ;
; EDA_OUTPUT_DATA_FORMAT              ; Verilog Hdl                            ; --            ; --          ; eda_simulation                    ;
; EDA_SIMULATION_TOOL                 ; ModelSim-Altera (Verilog)              ; <None>        ; --          ; --                                ;
; EDA_TIME_SCALE                      ; 1 ps                                   ; --            ; --          ; eda_simulation                    ;
; MAX_CORE_JUNCTION_TEMP              ; 125                                    ; --            ; --          ; --                                ;
; MIN_CORE_JUNCTION_TEMP              ; -40                                    ; --            ; --          ; --                                ;
; MISC_FILE                           ; mult_lpmm.bsf                          ; --            ; --          ; --                                ;
; MISC_FILE                           ; mult_lpmm_inst.v                       ; --            ; --          ; --                                ;
; MISC_FILE                           ; mult_lpmm_bb.v                         ; --            ; --          ; --                                ;
; MISC_FILE                           ; mult_lpmm.inc                          ; --            ; --          ; --                                ;
; MISC_FILE                           ; mult_lpmm.cmp                          ; --            ; --          ; --                                ;
; MISC_FILE                           ; add_or_sub_lpmm.bsf                    ; --            ; --          ; --                                ;
; MISC_FILE                           ; add_or_sub_lpmm_inst.v                 ; --            ; --          ; --                                ;
; MISC_FILE                           ; add_or_sub_lpmm_bb.v                   ; --            ; --          ; --                                ;
; MISC_FILE                           ; add_or_sub_lpmm.inc                    ; --            ; --          ; --                                ;
; MISC_FILE                           ; add_or_sub_lpmm.cmp                    ; --            ; --          ; --                                ;
; MISC_FILE                           ; comp_lpmm.bsf                          ; --            ; --          ; --                                ;
; MISC_FILE                           ; comp_lpmm_inst.v                       ; --            ; --          ; --                                ;
; MISC_FILE                           ; comp_lpmm_bb.v                         ; --            ; --          ; --                                ;
; MISC_FILE                           ; comp_lpmm.inc                          ; --            ; --          ; --                                ;
; MISC_FILE                           ; comp_lpmm.cmp                          ; --            ; --          ; --                                ;
; MISC_FILE                           ; cnt_lpmm.bsf                           ; --            ; --          ; --                                ;
; MISC_FILE                           ; cnt_lpmm_inst.v                        ; --            ; --          ; --                                ;
; MISC_FILE                           ; cnt_lpmm_bb.v                          ; --            ; --          ; --                                ;
; MISC_FILE                           ; cnt_lpmm.inc                           ; --            ; --          ; --                                ;
; MISC_FILE                           ; cnt_lpmm.cmp                           ; --            ; --          ; --                                ;
; MISC_FILE                           ; pow2_lpmm.bsf                          ; --            ; --          ; --                                ;
; MISC_FILE                           ; pow2_lpmm_inst.v                       ; --            ; --          ; --                                ;
; MISC_FILE                           ; pow2_lpmm_bb.v                         ; --            ; --          ; --                                ;
; MISC_FILE                           ; pow2_lpmm.inc                          ; --            ; --          ; --                                ;
; MISC_FILE                           ; pow2_lpmm.cmp                          ; --            ; --          ; --                                ;
; MISC_FILE                           ; mux_lpmm.bsf                           ; --            ; --          ; --                                ;
; MISC_FILE                           ; mux_lpmm_inst.v                        ; --            ; --          ; --                                ;
; MISC_FILE                           ; mux_lpmm_bb.v                          ; --            ; --          ; --                                ;
; MISC_FILE                           ; mux_lpmm.inc                           ; --            ; --          ; --                                ;
; MISC_FILE                           ; mux_lpmm.cmp                           ; --            ; --          ; --                                ;
; MISC_FILE                           ; const_lpmm.bsf                         ; --            ; --          ; --                                ;
; MISC_FILE                           ; const_lpmm_inst.v                      ; --            ; --          ; --                                ;
; MISC_FILE                           ; const_lpmm_bb.v                        ; --            ; --          ; --                                ;
; MISC_FILE                           ; const_lpmm.inc                         ; --            ; --          ; --                                ;
; MISC_FILE                           ; const_lpmm.cmp                         ; --            ; --          ; --                                ;
; MISC_FILE                           ; new_cnt.bsf                            ; --            ; --          ; --                                ;
; MISC_FILE                           ; new_cnt_inst.v                         ; --            ; --          ; --                                ;
; MISC_FILE                           ; new_cnt_bb.v                           ; --            ; --          ; --                                ;
; MISC_FILE                           ; new_cnt.inc                            ; --            ; --          ; --                                ;
; MISC_FILE                           ; new_cnt.cmp                            ; --            ; --          ; --                                ;
; MISC_FILE                           ; const4bit.bsf                          ; --            ; --          ; --                                ;
; MISC_FILE                           ; const4bit_inst.v                       ; --            ; --          ; --                                ;
; MISC_FILE                           ; const4bit_bb.v                         ; --            ; --          ; --                                ;
; MISC_FILE                           ; const4bit.inc                          ; --            ; --          ; --                                ;
; MISC_FILE                           ; const4bit.cmp                          ; --            ; --          ; --                                ;
; MISC_FILE                           ; rom_lpmm.bsf                           ; --            ; --          ; --                                ;
; MISC_FILE                           ; rom_lpmm_inst.v                        ; --            ; --          ; --                                ;
; MISC_FILE                           ; rom_lpmm_bb.v                          ; --            ; --          ; --                                ;
; MISC_FILE                           ; rom_lpmm.inc                           ; --            ; --          ; --                                ;
; MISC_FILE                           ; rom_lpmm.cmp                           ; --            ; --          ; --                                ;
; NOMINAL_CORE_SUPPLY_VOLTAGE         ; 1.2V                                   ; --            ; --          ; --                                ;
; PARTITION_COLOR                     ; -- (Not supported for targeted family) ; --            ; --          ; Top                               ;
; PARTITION_FITTER_PRESERVATION_LEVEL ; -- (Not supported for targeted family) ; --            ; --          ; Top                               ;
; PARTITION_NETLIST_TYPE              ; -- (Not supported for targeted family) ; --            ; --          ; Top                               ;
; POWER_BOARD_THERMAL_MODEL           ; None (CONSERVATIVE)                    ; --            ; --          ; --                                ;
; POWER_PRESET_COOLING_SOLUTION       ; 23 MM HEAT SINK WITH 200 LFPM AIRFLOW  ; --            ; --          ; --                                ;
; PROJECT_OUTPUT_DIRECTORY            ; output_files                           ; --            ; --          ; --                                ;
+-------------------------------------+----------------------------------------+---------------+-------------+-----------------------------------+


+--------------------------------------------------------------------------------------------------------------------------+
; Flow Elapsed Time                                                                                                        ;
+----------------------+--------------+-------------------------+---------------------+------------------------------------+
; Module Name          ; Elapsed Time ; Average Processors Used ; Peak Virtual Memory ; Total CPU Time (on all processors) ;
+----------------------+--------------+-------------------------+---------------------+------------------------------------+
; Analysis & Synthesis ; 00:00:10     ; 1.0                     ; 4904 MB             ; 00:00:23                           ;
; Fitter               ; 00:00:09     ; 1.2                     ; 6023 MB             ; 00:00:14                           ;
; Assembler            ; 00:00:01     ; 1.0                     ; 4755 MB             ; 00:00:01                           ;
; Timing Analyzer      ; 00:00:02     ; 1.1                     ; 4844 MB             ; 00:00:02                           ;
; EDA Netlist Writer   ; 00:00:01     ; 1.0                     ; 4725 MB             ; 00:00:01                           ;
; Total                ; 00:00:23     ; --                      ; --                  ; 00:00:41                           ;
+----------------------+--------------+-------------------------+---------------------+------------------------------------+


+------------------------------------------------------------------------------------+
; Flow OS Summary                                                                    ;
+----------------------+------------------+------------+------------+----------------+
; Module Name          ; Machine Hostname ; OS Name    ; OS Version ; Processor type ;
+----------------------+------------------+------------+------------+----------------+
; Analysis & Synthesis ; LAPTOP-L2S3N3PB  ; Windows 10 ; 10.0       ; x86_64         ;
; Fitter               ; LAPTOP-L2S3N3PB  ; Windows 10 ; 10.0       ; x86_64         ;
; Assembler            ; LAPTOP-L2S3N3PB  ; Windows 10 ; 10.0       ; x86_64         ;
; Timing Analyzer      ; LAPTOP-L2S3N3PB  ; Windows 10 ; 10.0       ; x86_64         ;
; EDA Netlist Writer   ; LAPTOP-L2S3N3PB  ; Windows 10 ; 10.0       ; x86_64         ;
+----------------------+------------------+------------+------------+----------------+


------------
; Flow Log ;
------------
quartus_map --read_settings_files=on --write_settings_files=off cos_Q1 -c cos_Q1
quartus_fit --read_settings_files=off --write_settings_files=off cos_Q1 -c cos_Q1
quartus_asm --read_settings_files=off --write_settings_files=off cos_Q1 -c cos_Q1
quartus_sta cos_Q1 -c cos_Q1
quartus_eda --read_settings_files=off --write_settings_files=off cos_Q1 -c cos_Q1



